C51 COMPILER V9.60.0.0   UART                                                              08/28/2022 21:21:44 PAGE 1   


C51 COMPILER V9.60.0.0, COMPILATION OF MODULE UART
OBJECT MODULE PLACED IN .\Objects\uart.obj
COMPILER INVOKED BY: C:\Keil_v5\C51\BIN\C51.EXE uart.c OPTIMIZE(8,SPEED) BROWSE DEBUG OBJECTEXTEND PRINT(.\Listings\uart
                    -.lst) TABS(2) OBJECT(.\Objects\uart.obj)

line level    source

   1          /* ********************************************************************
   2          FILE                 : uart.c
   3          
   4          PURPOSE              : 
   5             
   6          AUTHOR               : K.M. Arun Kumar alias Arunkumar Murugeswaran
   7             
   8          KNOWN BUGS           : 
   9          
  10          NOTE                 :                
  11          
  12          CHANGE LOGS          :
  13          
  14          *****************************************************************************/
  15          
  16          #include "main.h"
  17          
  18          // ------  data type declarations ---------------------------
  19          
  20          
  21          // ------  function prototypes ------------------------------
  22          
  23          
  24          // ------  constants ----------------------------------------
  25          
  26          
  27          
  28          // ------  variables ----------------------------------------
  29          
  30          
  31          
  32          /*------------------------------------------------------------*-
  33          FUNCTION NAME  : Serial_Init
  34          
  35          DESCRIPTION    : Initialize serial port            
  36          
  37          INPUT          : 
  38          
  39          OUTPUT         : 
  40          
  41          NOTE           : 
  42          -*------------------------------------------------------------*/
  43          void Serial_Init(void)
  44          {
  45   1          SCON = 0x52;    // setup serial port control 
  46   1          TMOD = 0x20;    // hardware (9600 BAUD @11.05592MHZ) 
  47   1          TH1  = 0xFD;    // TH1
  48   1          TR1  = 1;       // Timer 1 on
  49   1      }
  50          
  51          /*-------------------------------------------------------------------
  52            ------------------------ END OF FILE ------------------------------
  53          -------------------------------------------------------------------*/
  54          
C51 COMPILER V9.60.0.0   UART                                                              08/28/2022 21:21:44 PAGE 2   



MODULE INFORMATION:   STATIC OVERLAYABLE
   CODE SIZE        =     12    ----
   CONSTANT SIZE    =   ----    ----
   XDATA SIZE       =   ----    ----
   PDATA SIZE       =   ----    ----
   DATA SIZE        =   ----    ----
   IDATA SIZE       =   ----    ----
   BIT SIZE         =   ----    ----
END OF MODULE INFORMATION.


C51 COMPILATION COMPLETE.  0 WARNING(S),  0 ERROR(S)
